99.01.02 14:56 B c:\WEBSHARE\WWWROOT\31stCafe\images\Logos\axion.jpg --> ftp.mindspring.com /rjgood/www/images/Logos axion.jpg
99.01.02 14:56 B c:\WEBSHARE\WWWROOT\31stCafe\images\Logos\fasalogo.gif --> ftp.mindspring.com /rjgood/www/images/Logos fasalogo.gif
99.01.02 14:56 B c:\WEBSHARE\WWWROOT\31stCafe\images\Logos\msielogo.gif --> ftp.mindspring.com /rjgood/www/images/Logos msielogo.gif
99.01.02 14:56 B c:\WEBSHARE\WWWROOT\31stCafe\images\Logos\mw_logo1.gif --> ftp.mindspring.com /rjgood/www/images/Logos mw_logo1.gif
99.01.08 21:21 B c:\WEBSHARE\WWWROOT\31stCafe\images\Logos\BadKarmaLogo.gif --> ftp.mindspring.com /rjgood/www/images/Logos BadKarmaLogo.gif
99.01.08 21:21 B c:\WEBSHARE\WWWROOT\31stCafe\images\Logos\solaris7.gif --> ftp.mindspring.com /rjgood/www/images/Logos solaris7.gif
99.01.09 18:32 B c:\WEBSHARE\WWWROOT\31stCafe\images\Logos\3055mercs.jpg --> ftp.mindspring.com /rjgood/www/images/Logos 3055mercs.jpg
99.01.09 18:32 B c:\WEBSHARE\WWWROOT\31stCafe\images\Logos\adl.jpg --> ftp.mindspring.com /rjgood/www/images/Logos adl.jpg
99.01.09 18:32 B c:\WEBSHARE\WWWROOT\31stCafe\images\Logos\adl1_1.jpg --> ftp.mindspring.com /rjgood/www/images/Logos adl1_1.jpg
99.01.09 18:32 B c:\WEBSHARE\WWWROOT\31stCafe\images\Logos\axion.jpg --> ftp.mindspring.com /rjgood/www/images/Logos axion.jpg
99.01.09 18:33 B c:\WEBSHARE\WWWROOT\31stCafe\images\Logos\BadKarmaLogo.gif --> ftp.mindspring.com /rjgood/www/images/Logos BadKarmaLogo.gif
99.01.09 18:33 B c:\WEBSHARE\WWWROOT\31stCafe\images\Logos\btech_ad.gif --> ftp.mindspring.com /rjgood/www/images/Logos btech_ad.gif
99.01.09 18:33 B c:\WEBSHARE\WWWROOT\31stCafe\images\Logos\fasalogo.gif --> ftp.mindspring.com /rjgood/www/images/Logos fasalogo.gif
99.01.09 18:33 B c:\WEBSHARE\WWWROOT\31stCafe\images\Logos\fplogo.gif --> ftp.mindspring.com /rjgood/www/images/Logos fplogo.gif
99.01.09 18:33 B c:\WEBSHARE\WWWROOT\31stCafe\images\Logos\gbl.jpg --> ftp.mindspring.com /rjgood/www/images/Logos gbl.jpg
99.01.09 18:33 B c:\WEBSHARE\WWWROOT\31stCafe\images\Logos\gc.jpg --> ftp.mindspring.com /rjgood/www/images/Logos gc.jpg
99.01.09 18:33 B c:\WEBSHARE\WWWROOT\31stCafe\images\Logos\icq.gif --> ftp.mindspring.com /rjgood/www/images/Logos icq.gif
99.01.09 18:33 B c:\WEBSHARE\WWWROOT\31stCafe\images\Logos\ielogo.gif --> ftp.mindspring.com /rjgood/www/images/Logos ielogo.gif
99.01.09 18:33 B c:\WEBSHARE\WWWROOT\31stCafe\images\Logos\kalilogo.gif --> ftp.mindspring.com /rjgood/www/images/Logos kalilogo.gif
99.01.09 18:33 B c:\WEBSHARE\WWWROOT\31stCafe\images\Logos\mplayer.gif --> ftp.mindspring.com /rjgood/www/images/Logos mplayer.gif
99.01.09 18:33 B c:\WEBSHARE\WWWROOT\31stCafe\images\Logos\msielogo.gif --> ftp.mindspring.com /rjgood/www/images/Logos msielogo.gif
99.01.09 18:34 B c:\WEBSHARE\WWWROOT\31stCafe\images\Logos\mw_logo1.gif --> ftp.mindspring.com /rjgood/www/images/Logos mw_logo1.gif
99.01.09 18:34 B c:\WEBSHARE\WWWROOT\31stCafe\images\Logos\netmech1.gif --> ftp.mindspring.com /rjgood/www/images/Logos netmech1.gif
99.01.09 18:34 B c:\WEBSHARE\WWWROOT\31stCafe\images\Logos\registry.jpg --> ftp.mindspring.com /rjgood/www/images/Logos registry.jpg
99.01.09 18:34 B c:\WEBSHARE\WWWROOT\31stCafe\images\Logos\solaris7.gif --> ftp.mindspring.com /rjgood/www/images/Logos solaris7.gif
99.01.09 18:34 B c:\WEBSHARE\WWWROOT\31stCafe\images\Logos\tkzmerc.gif --> ftp.mindspring.com /rjgood/www/images/Logos tkzmerc.gif
